C51 COMPILER V9.54   I2C                                                                   04/16/2016 11:33:54 PAGE 1   


C51 COMPILER V9.54, COMPILATION OF MODULE I2C
OBJECT MODULE PLACED IN .\Objects\I2C.obj
COMPILER INVOKED BY: F:\Application\Keil uVision\C51\BIN\C51.EXE I2C.c OPTIMIZE(8,SPEED) BROWSE DEBUG OBJECTEXTEND PRINT
                    -(.\Listings\I2C.lst) TABS(2) OBJECT(.\Objects\I2C.obj)

line level    source

   1          #include "Includes.h"
   2          
   3          // Function Purpose: Produce approximate delay in given uSecs.
   4          void __delay_us(unsigned int d)
   5          {
   6   1         unsigned int i, limit;
   7   1         limit = d/15;
   8   1      
   9   1         for(i=0;i<limit;i++);
  10   1      }
  11          
  12          
  13          // Function Purpose: Set initial values of SCK and SDA pins
  14          void InitI2C(void)
  15          { 
  16   1        // Make SDA and SCK pins input initially
  17   1        SDA = 1;
*** ERROR C202 IN LINE 17 OF I2C.c: 'SDA': undefined identifier
  18   1        SCK = 1;
*** ERROR C202 IN LINE 18 OF I2C.c: 'SCK': undefined identifier
  19   1      }
  20          
  21          
  22          // Function Purpose: I2C_Start sends start bit sequence
  23          void I2C_Start(void)
  24          {
  25   1        Set_SCK_High;       // Make SCK pin high
*** ERROR C202 IN LINE 25 OF I2C.c: 'Set_SCK_High': undefined identifier
  26   1        Set_SDA_High;       // Make SDA pin High
*** ERROR C202 IN LINE 26 OF I2C.c: 'Set_SDA_High': undefined identifier
  27   1        __delay_us(HalfBitDelay); // Half bit delay
*** ERROR C202 IN LINE 27 OF I2C.c: 'HalfBitDelay': undefined identifier
  28   1        Set_SDA_Low;        // Make SDA Low
*** ERROR C202 IN LINE 28 OF I2C.c: 'Set_SDA_Low': undefined identifier
  29   1        __delay_us(HalfBitDelay); // Half bit delay
*** ERROR C202 IN LINE 29 OF I2C.c: 'HalfBitDelay': undefined identifier
  30   1      }
  31          
  32          
  33          // Function Purpose: I2C_ReStart sends start bit sequence
  34          void I2C_ReStart(void)
  35          {
  36   1        Set_SCK_Low;        // Make SCK pin low
*** ERROR C202 IN LINE 36 OF I2C.c: 'Set_SCK_Low': undefined identifier
  37   1      
  38   1        __delay_us(HalfBitDelay/2); // Data pin should change it's value,
*** ERROR C202 IN LINE 38 OF I2C.c: 'HalfBitDelay': undefined identifier
  39   1                      // when it is confirm that SCK is low
  40   1        Set_SDA_High;       // Make SDA pin High
*** ERROR C202 IN LINE 40 OF I2C.c: 'Set_SDA_High': undefined identifier
  41   1        
  42   1        __delay_us(HalfBitDelay/2); // 1/4 bit delay
*** ERROR C202 IN LINE 42 OF I2C.c: 'HalfBitDelay': undefined identifier
  43   1        Set_SCK_High;       // Make SCK pin high
C51 COMPILER V9.54   I2C                                                                   04/16/2016 11:33:54 PAGE 2   

*** ERROR C202 IN LINE 43 OF I2C.c: 'Set_SCK_High': undefined identifier
  44   1        __delay_us(HalfBitDelay/2); // 1/4 bit delay
*** ERROR C202 IN LINE 44 OF I2C.c: 'HalfBitDelay': undefined identifier
  45   1        Set_SDA_Low;        // Make SDA Low
*** ERROR C202 IN LINE 45 OF I2C.c: 'Set_SDA_Low': undefined identifier
  46   1        __delay_us(HalfBitDelay/2); // 1/4 bit delay
*** ERROR C202 IN LINE 46 OF I2C.c: 'HalfBitDelay': undefined identifier
  47   1      }
  48          
  49          
  50          //Function : I2C_Stop sends stop bit sequence
  51          void I2C_Stop(void)
  52          {
  53   1        Set_SCK_Low;        // Make SCK pin low
*** ERROR C202 IN LINE 53 OF I2C.c: 'Set_SCK_Low': undefined identifier
  54   1      
  55   1        __delay_us(HalfBitDelay/2); // Data pin should change it's value,
*** ERROR C202 IN LINE 55 OF I2C.c: 'HalfBitDelay': undefined identifier
  56   1                      // when it is confirm that SCK is low
  57   1        Set_SDA_Low;        // Make SDA pin low
*** ERROR C202 IN LINE 57 OF I2C.c: 'Set_SDA_Low': undefined identifier
  58   1        
  59   1        __delay_us(HalfBitDelay/2); // 1/4 bit delay
*** ERROR C202 IN LINE 59 OF I2C.c: 'HalfBitDelay': undefined identifier
  60   1        Set_SCK_High;       // Make SCK pin high
*** ERROR C202 IN LINE 60 OF I2C.c: 'Set_SCK_High': undefined identifier
  61   1        __delay_us(HalfBitDelay/2); // 1/4 bit delay
*** ERROR C202 IN LINE 61 OF I2C.c: 'HalfBitDelay': undefined identifier
  62   1        Set_SDA_High;       // Make SDA high
*** ERROR C202 IN LINE 62 OF I2C.c: 'Set_SDA_High': undefined identifier
  63   1        __delay_us(HalfBitDelay/2); // 1/4 bit delay
*** ERROR C202 IN LINE 63 OF I2C.c: 'HalfBitDelay': undefined identifier
  64   1      }
  65          
  66          
  67          
  68          //Function : I2C_Send_ACK sends ACK bit sequence
  69          void I2C_Send_ACK(void)
  70          {
  71   1        Set_SCK_Low;        // Make SCK pin low
*** ERROR C202 IN LINE 71 OF I2C.c: 'Set_SCK_Low': undefined identifier
  72   1        __delay_us(HalfBitDelay/2); // Data pin should change it's value,
*** ERROR C202 IN LINE 72 OF I2C.c: 'HalfBitDelay': undefined identifier
  73   1                      // when it is confirm that SCK is low
  74   1        Set_SDA_Low;        // Make SDA Low
*** ERROR C202 IN LINE 74 OF I2C.c: 'Set_SDA_Low': undefined identifier
  75   1        __delay_us(HalfBitDelay/2); // 1/4 bit delay
*** ERROR C202 IN LINE 75 OF I2C.c: 'HalfBitDelay': undefined identifier
  76   1        Set_SCK_High;       // Make SCK pin high
*** ERROR C202 IN LINE 76 OF I2C.c: 'Set_SCK_High': undefined identifier
  77   1        __delay_us(HalfBitDelay); // Half bit delay
*** ERROR C202 IN LINE 77 OF I2C.c: 'HalfBitDelay': undefined identifier
  78   1      }
  79          
  80          
  81          //Function : I2C_Send_NACK sends NACK bit sequence
  82          void I2C_Send_NACK(void)
  83          {
  84   1        Set_SCK_Low;        // Make SCK pin low
*** ERROR C202 IN LINE 84 OF I2C.c: 'Set_SCK_Low': undefined identifier
  85   1        __delay_us(HalfBitDelay/2); // Data pin should change it's value,
*** ERROR C202 IN LINE 85 OF I2C.c: 'HalfBitDelay': undefined identifier
C51 COMPILER V9.54   I2C                                                                   04/16/2016 11:33:54 PAGE 3   

  86   1                      // when it is confirm that SCK is low
  87   1        Set_SDA_High;       // Make SDA high
*** ERROR C202 IN LINE 87 OF I2C.c: 'Set_SDA_High': undefined identifier
  88   1        __delay_us(HalfBitDelay/2); // 1/4 bit delay
*** ERROR C202 IN LINE 88 OF I2C.c: 'HalfBitDelay': undefined identifier
  89   1        Set_SCK_High;       // Make SCK pin high
*** ERROR C202 IN LINE 89 OF I2C.c: 'Set_SCK_High': undefined identifier
  90   1        __delay_us(HalfBitDelay); // Half bit delay
*** ERROR C202 IN LINE 90 OF I2C.c: 'HalfBitDelay': undefined identifier
  91   1      }
  92          
  93          
  94          // Function Purpose: I2C_Write_Byte transfers one byte
  95          bit I2C_Write_Byte(unsigned char Byte)
  96          {
  97   1        unsigned char i;    // Variable to be used in for loop
  98   1        
  99   1        for(i=0;i<8;i++)    // Repeat for every bit
 100   1        {
 101   2          Set_SCK_Low;    // Make SCK pin low
*** ERROR C202 IN LINE 101 OF I2C.c: 'Set_SCK_Low': undefined identifier
 102   2          
 103   2          __delay_us(HalfBitDelay/2); // Data pin should change it's value,
*** ERROR C202 IN LINE 103 OF I2C.c: 'HalfBitDelay': undefined identifier
 104   2                        // when it is confirm that SCK is low
 105   2      
 106   2          if((Byte<<i)&0x80)  // Place data bit value on SDA pin
 107   2            Set_SDA_High; // If bit is high, make SDA high
*** ERROR C202 IN LINE 107 OF I2C.c: 'Set_SDA_High': undefined identifier
 108   2          else        // Data is transferred MSB first
 109   2            Set_SDA_Low;  // If bit is low, make SDA low
*** ERROR C202 IN LINE 109 OF I2C.c: 'Set_SDA_Low': undefined identifier
 110   2      
 111   2          __delay_us(HalfBitDelay/2); // Toggle SCK pin
*** ERROR C202 IN LINE 111 OF I2C.c: 'HalfBitDelay': undefined identifier
 112   2          Set_SCK_High;       // So that slave can
*** ERROR C202 IN LINE 112 OF I2C.c: 'Set_SCK_High': undefined identifier
 113   2          __delay_us(HalfBitDelay); // latch data bit
*** ERROR C202 IN LINE 113 OF I2C.c: 'HalfBitDelay': undefined identifier
 114   2          }
 115   1          
 116   1        // Get ACK from slave
 117   1        Set_SCK_Low;
*** ERROR C202 IN LINE 117 OF I2C.c: 'Set_SCK_Low': undefined identifier
 118   1          Set_SDA_High;
*** ERROR C202 IN LINE 118 OF I2C.c: 'Set_SDA_High': undefined identifier
 119   1          __delay_us(HalfBitDelay);
*** ERROR C202 IN LINE 119 OF I2C.c: 'HalfBitDelay': undefined identifier
 120   1          Set_SCK_High;
*** ERROR C202 IN LINE 120 OF I2C.c: 'Set_SCK_High': undefined identifier
 121   1          __delay_us(HalfBitDelay);
*** ERROR C202 IN LINE 121 OF I2C.c: 'HalfBitDelay': undefined identifier
 122   1      
 123   1        return SDA;
*** ERROR C202 IN LINE 123 OF I2C.c: 'SDA': undefined identifier
 124   1      }
 125          
 126          
 127          // Function Purpose: I2C_Read_Byte reads one byte
 128          unsigned char I2C_Read_Byte(void)
 129          {
 130   1        unsigned char i, d, RxData = 0;
C51 COMPILER V9.54   I2C                                                                   04/16/2016 11:33:54 PAGE 4   

 131   1      
 132   1        for(i=0;i<8;i++)
 133   1        {
 134   2          Set_SCK_Low;          // Make SCK pin low
*** ERROR C202 IN LINE 134 OF I2C.c: 'Set_SCK_Low': undefined identifier
 135   2          Set_SDA_High;         // Don't drive SDA 
*** ERROR C202 IN LINE 135 OF I2C.c: 'Set_SDA_High': undefined identifier
 136   2          __delay_us(HalfBitDelay);   // Half bit delay
*** ERROR C202 IN LINE 136 OF I2C.c: 'HalfBitDelay': undefined identifier
 137   2          Set_SCK_High;         // Make SCK pin high
*** ERROR C202 IN LINE 137 OF I2C.c: 'Set_SCK_High': undefined identifier
 138   2          __delay_us(HalfBitDelay/2);   // 1/4 bit delay
*** ERROR C202 IN LINE 138 OF I2C.c: 'HalfBitDelay': undefined identifier
 139   2          d = SDA;              // Capture Received Bit
*** ERROR C202 IN LINE 139 OF I2C.c: 'SDA': undefined identifier
 140   2          RxData = RxData|(d<<(7-i));     // Copy it in RxData
 141   2          __delay_us(HalfBitDelay/2);   // 1/4 bit delay
*** ERROR C202 IN LINE 141 OF I2C.c: 'HalfBitDelay': undefined identifier
 142   2        }
 143   1       
 144   1          return RxData;            // Return received byte
 145   1      }

C51 COMPILATION COMPLETE.  0 WARNING(S),  55 ERROR(S)
